2021-09-03 00:53:31,076 INFO  [SpringContextShutdownHook]
[org.springframework.scheduling.concurrent.ExecutorConfigurationSupport.shutdown(ExecutorConfigurationSupport.java:218)] ::: Shutting down ExecutorService 'applicationTaskExecutor'
2021-09-03 00:53:31,112 INFO  [SpringContextShutdownHook]
[com.p6spy.engine.spy.appender.Slf4JLogger.logSQL(Slf4JLogger.java:60)] ::: #1630598011112 | took 1ms | statement | connection 5| url jdbc:h2:tcp://localhost/~/datecourse
select user0_.user_id as user_id1_6_, user0_.created_at as created_2_6_, user0_.updated_at as updated_3_6_, user0_.email as email4_6_, user0_.image_url as image_ur5_6_, user0_.name as name6_6_, user0_.password as password7_6_, user0_.provider as provider8_6_, user0_.provider_id as provider9_6_ from user user0_ where user0_.email=?
select user0_.user_id as user_id1_6_, user0_.created_at as created_2_6_, user0_.updated_at as updated_3_6_, user0_.email as email4_6_, user0_.image_url as image_ur5_6_, user0_.name as name6_6_, user0_.password as password7_6_, user0_.provider as provider8_6_, user0_.provider_id as provider9_6_ from user user0_ where user0_.email='test@naver.com';
2021-09-03 00:53:31,134 WARN  [SpringContextShutdownHook]
[org.springframework.beans.factory.annotation.InitDestroyAnnotationBeanPostProcessor.postProcessBeforeDestruction(InitDestroyAnnotationBeanPostProcessor.java:185)] ::: Destroy method on bean with name 'securityConfig' threw an exception: org.springframework.dao.IncorrectResultSizeDataAccessException: query did not return a unique result: 108; nested exception is javax.persistence.NonUniqueResultException: query did not return a unique result: 108
2021-09-03 00:53:31,136 INFO  [SpringContextShutdownHook]
[org.springframework.orm.jpa.AbstractEntityManagerFactoryBean.destroy(AbstractEntityManagerFactoryBean.java:651)] ::: Closing JPA EntityManagerFactory for persistence unit 'default'
2021-09-03 00:53:31,143 INFO  [SpringContextShutdownHook]
[com.zaxxer.hikari.HikariDataSource.close(HikariDataSource.java:350)] ::: HikariCP - Shutdown initiated...
2021-09-03 00:53:31,157 INFO  [SpringContextShutdownHook]
[com.zaxxer.hikari.HikariDataSource.close(HikariDataSource.java:352)] ::: HikariCP - Shutdown completed.
2021-09-03 00:53:42,646 INFO  [background-preinit]
[org.hibernate.validator.internal.util.Version.<clinit>(Version.java:21)] ::: HV000001: Hibernate Validator 6.1.7.Final
2021-09-03 00:53:42,692 INFO  [restartedMain]
[org.springframework.boot.StartupInfoLogger.logStarting(StartupInfoLogger.java:55)] ::: Starting OpenDateCourseApplication using Java 1.8.0_261 on JCR with PID 130128 (D:\GitHub\open_date_course\back\out\production\classes started by pc in D:\GitHub\open_date_course\back)
2021-09-03 00:53:42,697 INFO  [restartedMain]
[org.springframework.boot.SpringApplication.logStartupProfileInfo(SpringApplication.java:666)] ::: The following profiles are active: dev
2021-09-03 00:53:42,779 WARN  [restartedMain]
[org.springframework.boot.logging.DeferredLog.logTo(DeferredLog.java:258)] ::: Property 'spring.profiles' imported from location 'class path resource [application.yml]' is invalid and should be replaced with 'spring.config.activate.on-profile' [origin: class path resource [application.yml] - 14:13]
2021-09-03 00:53:42,779 WARN  [restartedMain]
[org.springframework.boot.logging.DeferredLog.logTo(DeferredLog.java:258)] ::: Property 'spring.profiles' imported from location 'class path resource [application.yml]' is invalid and should be replaced with 'spring.config.activate.on-profile' [origin: class path resource [application.yml] - 7:13]
2021-09-03 00:53:42,781 INFO  [restartedMain]
[org.springframework.boot.logging.DeferredLog.logTo(DeferredLog.java:255)] ::: Devtools property defaults active! Set 'spring.devtools.add-properties' to 'false' to disable
2021-09-03 00:53:42,781 INFO  [restartedMain]
[org.springframework.boot.logging.DeferredLog.logTo(DeferredLog.java:255)] ::: For additional web related logging consider setting the 'logging.level.web' property to 'DEBUG'
2021-09-03 00:53:44,367 INFO  [restartedMain]
[org.springframework.data.repository.config.RepositoryConfigurationDelegate.registerRepositoriesIn(RepositoryConfigurationDelegate.java:128)] ::: Bootstrapping Spring Data JPA repositories in DEFAULT mode.
2021-09-03 00:53:44,483 INFO  [restartedMain]
[org.springframework.data.repository.config.RepositoryConfigurationDelegate.registerRepositoriesIn(RepositoryConfigurationDelegate.java:188)] ::: Finished Spring Data repository scanning in 107 ms. Found 10 JPA repository interfaces.
2021-09-03 00:53:45,121 INFO  [restartedMain]
[org.springframework.context.support.PostProcessorRegistrationDelegate$BeanPostProcessorChecker.postProcessAfterInitialization(PostProcessorRegistrationDelegate.java:376)] ::: Bean 'org.springframework.security.access.expression.method.DefaultMethodSecurityExpressionHandler@2cf1a123' of type [org.springframework.security.access.expression.method.DefaultMethodSecurityExpressionHandler] is not eligible for getting processed by all BeanPostProcessors (for example: not eligible for auto-proxying)
2021-09-03 00:53:45,132 INFO  [restartedMain]
[org.springframework.context.support.PostProcessorRegistrationDelegate$BeanPostProcessorChecker.postProcessAfterInitialization(PostProcessorRegistrationDelegate.java:376)] ::: Bean 'methodSecurityMetadataSource' of type [org.springframework.security.access.method.DelegatingMethodSecurityMetadataSource] is not eligible for getting processed by all BeanPostProcessors (for example: not eligible for auto-proxying)
2021-09-03 00:53:45,546 INFO  [restartedMain]
[org.springframework.boot.web.embedded.tomcat.TomcatWebServer.initialize(TomcatWebServer.java:108)] ::: Tomcat initialized with port(s): 8080 (http)
2021-09-03 00:53:45,560 INFO  [restartedMain]
[org.apache.juli.logging.DirectJDKLog.log(DirectJDKLog.java:173)] ::: Initializing ProtocolHandler ["http-nio-8080"]
2021-09-03 00:53:45,561 INFO  [restartedMain]
[org.apache.juli.logging.DirectJDKLog.log(DirectJDKLog.java:173)] ::: Starting service [Tomcat]
2021-09-03 00:53:45,561 INFO  [restartedMain]
[org.apache.juli.logging.DirectJDKLog.log(DirectJDKLog.java:173)] ::: Starting Servlet engine: [Apache Tomcat/9.0.44]
2021-09-03 00:53:45,750 INFO  [restartedMain]
[org.apache.juli.logging.DirectJDKLog.log(DirectJDKLog.java:173)] ::: Initializing Spring embedded WebApplicationContext
2021-09-03 00:53:45,750 INFO  [restartedMain]
[org.springframework.boot.web.servlet.context.ServletWebServerApplicationContext.prepareWebApplicationContext(ServletWebServerApplicationContext.java:289)] ::: Root WebApplicationContext: initialization completed in 2968 ms
2021-09-03 00:53:45,952 INFO  [restartedMain]
[com.zaxxer.hikari.HikariDataSource.getConnection(HikariDataSource.java:110)] ::: HikariCP - Starting...
2021-09-03 00:53:46,041 INFO  [restartedMain]
[com.zaxxer.hikari.HikariDataSource.getConnection(HikariDataSource.java:123)] ::: HikariCP - Start completed.
2021-09-03 00:53:46,053 INFO  [restartedMain]
[org.springframework.boot.autoconfigure.h2.H2ConsoleAutoConfiguration.lambda$h2Console$0(H2ConsoleAutoConfiguration.java:68)] ::: H2 console available at '/h2-console'. Database available at 'jdbc:h2:tcp://localhost/~/datecourse'
2021-09-03 00:53:46,266 INFO  [restartedMain]
[org.hibernate.jpa.internal.util.LogHelper.logPersistenceUnitInformation(LogHelper.java:31)] ::: HHH000204: Processing PersistenceUnitInfo [name: default]
2021-09-03 00:53:46,323 INFO  [restartedMain]
[org.hibernate.Version.logVersion(Version.java:44)] ::: HHH000412: Hibernate ORM core version 5.4.29.Final
2021-09-03 00:53:46,464 INFO  [restartedMain]
[org.hibernate.annotations.common.reflection.java.JavaReflectionManager.<clinit>(JavaReflectionManager.java:56)] ::: HCANN000001: Hibernate Commons Annotations {5.1.2.Final}
2021-09-03 00:53:46,648 INFO  [restartedMain]
[org.hibernate.dialect.Dialect.<init>(Dialect.java:175)] ::: HHH000400: Using dialect: org.hibernate.dialect.H2Dialect
2021-09-03 00:53:47,747 INFO  [restartedMain]
[org.hibernate.resource.transaction.backend.jdbc.internal.DdlTransactionIsolatorNonJtaImpl.getIsolatedConnection(DdlTransactionIsolatorNonJtaImpl.java:47)] ::: HHH10001501: Connection obtained from JdbcConnectionAccess [org.hibernate.engine.jdbc.env.internal.JdbcEnvironmentInitiator$ConnectionProviderJdbcConnectionAccess@26cdb249] for (non-JTA) DDL execution was not in auto-commit mode; the Connection 'local transaction' will be committed and the Connection will be set into auto-commit mode.
2021-09-03 00:53:47,748 INFO  [restartedMain]
[com.p6spy.engine.spy.appender.Slf4JLogger.logSQL(Slf4JLogger.java:60)] ::: #1630598027748 | took 0ms | commit | connection 2| url jdbc:h2:tcp://localhost/~/datecourse

;
2021-09-03 00:53:47,752 INFO  [restartedMain]
[com.p6spy.engine.spy.appender.Slf4JLogger.logSQL(Slf4JLogger.java:60)] ::: #1630598027752 | took 2ms | statement | connection 2| url jdbc:h2:tcp://localhost/~/datecourse
select * from INFORMATION_SCHEMA.SEQUENCES
select * from INFORMATION_SCHEMA.SEQUENCES;
2021-09-03 00:53:47,849 INFO  [restartedMain]
[org.hibernate.engine.transaction.jta.platform.internal.JtaPlatformInitiator.initiateService(JtaPlatformInitiator.java:52)] ::: HHH000490: Using JtaPlatform implementation: [org.hibernate.engine.transaction.jta.platform.internal.NoJtaPlatform]
2021-09-03 00:53:47,879 INFO  [restartedMain]
[org.springframework.orm.jpa.AbstractEntityManagerFactoryBean.buildNativeEntityManagerFactory(AbstractEntityManagerFactoryBean.java:437)] ::: Initialized JPA EntityManagerFactory for persistence unit 'default'
2021-09-03 00:53:47,950 INFO  [restartedMain]
[org.springframework.boot.devtools.autoconfigure.OptionalLiveReloadServer.startServer(OptionalLiveReloadServer.java:58)] ::: LiveReload server is running on port 35729
2021-09-03 00:53:49,597 WARN  [restartedMain]
[org.springframework.boot.autoconfigure.orm.jpa.JpaBaseConfiguration$JpaWebConfiguration.openEntityManagerInViewInterceptor(JpaBaseConfiguration.java:221)] ::: spring.jpa.open-in-view is enabled by default. Therefore, database queries may be performed during view rendering. Explicitly configure spring.jpa.open-in-view to disable this warning
2021-09-03 00:53:49,673 INFO  [restartedMain]
[com.p6spy.engine.spy.appender.Slf4JLogger.logSQL(Slf4JLogger.java:60)] ::: #1630598029673 | took 0ms | statement | connection 3| url jdbc:h2:tcp://localhost/~/datecourse
call next value for hibernate_sequence
call next value for hibernate_sequence;
2021-09-03 00:53:49,723 INFO  [restartedMain]
[com.p6spy.engine.spy.appender.Slf4JLogger.logSQL(Slf4JLogger.java:60)] ::: #1630598029723 | took 0ms | statement | connection 3| url jdbc:h2:tcp://localhost/~/datecourse
insert into user (created_at, updated_at, email, image_url, name, password, provider, provider_id, user_id) values (?, ?, ?, ?, ?, ?, ?, ?, ?)
insert into user (created_at, updated_at, email, image_url, name, password, provider, provider_id, user_id) values ('2021-09-03T00:53:49.633+0900', NULL, 'test@naver.com', NULL, 'testUser', NULL, NULL, NULL, 208);
2021-09-03 00:53:49,729 INFO  [restartedMain]
[com.p6spy.engine.spy.appender.Slf4JLogger.logSQL(Slf4JLogger.java:60)] ::: #1630598029728 | took 0ms | commit | connection 3| url jdbc:h2:tcp://localhost/~/datecourse

;
2021-09-03 00:53:49,840 WARN  [restartedMain]
[org.hibernate.hql.internal.ast.HqlSqlWalker.lookupProperty(HqlSqlWalker.java:670)] ::: HHH90000016: Found use of deprecated 'collection property' syntax in HQL/JPQL query [d.userDateCourseLikes.size]; use collection function syntax instead [size(d.userDateCourseLikes)].
2021-09-03 00:53:50,801 INFO  [restartedMain]
[org.springframework.security.web.DefaultSecurityFilterChain.<init>(DefaultSecurityFilterChain.java:51)] ::: Will secure any request with [org.springframework.security.web.context.request.async.WebAsyncManagerIntegrationFilter@6569ba34, org.springframework.security.web.context.SecurityContextPersistenceFilter@2544b402, org.springframework.security.web.header.HeaderWriterFilter@14c5aca3, org.springframework.web.filter.CorsFilter@55c98241, org.springframework.security.web.authentication.logout.LogoutFilter@7b2f7973, org.springframework.security.oauth2.client.web.OAuth2AuthorizationRequestRedirectFilter@2732cd8d, org.springframework.security.oauth2.client.web.OAuth2LoginAuthenticationFilter@12075ab1, me.toy.server.security.jwt.TokenAuthenticationFilter@2b89a376, org.springframework.security.web.authentication.ui.DefaultLoginPageGeneratingFilter@14681215, org.springframework.security.web.authentication.ui.DefaultLogoutPageGeneratingFilter@4b91897d, org.springframework.security.web.savedrequest.RequestCacheAwareFilter@1394257, org.springframework.security.web.servletapi.SecurityContextHolderAwareRequestFilter@362b780a, org.springframework.security.web.authentication.AnonymousAuthenticationFilter@1b4d1771, org.springframework.security.web.session.SessionManagementFilter@13b84e59, org.springframework.security.web.access.ExceptionTranslationFilter@3276a74d, org.springframework.security.web.access.intercept.FilterSecurityInterceptor@25fc7456]
2021-09-03 00:53:50,895 INFO  [restartedMain]
[org.springframework.scheduling.concurrent.ExecutorConfigurationSupport.initialize(ExecutorConfigurationSupport.java:181)] ::: Initializing ExecutorService 'applicationTaskExecutor'
2021-09-03 00:53:51,112 INFO  [restartedMain]
[org.apache.juli.logging.DirectJDKLog.log(DirectJDKLog.java:173)] ::: Starting ProtocolHandler ["http-nio-8080"]
2021-09-03 00:53:51,134 INFO  [restartedMain]
[org.springframework.boot.web.embedded.tomcat.TomcatWebServer.start(TomcatWebServer.java:220)] ::: Tomcat started on port(s): 8080 (http) with context path ''
2021-09-03 00:53:51,495 INFO  [restartedMain]
[org.springframework.boot.StartupInfoLogger.logStarted(StartupInfoLogger.java:61)] ::: Started OpenDateCourseApplication in 9.675 seconds (JVM running for 12.19)
2021-09-03 00:54:14,423 INFO  [http-nio-8080-exec-1]
[org.apache.juli.logging.DirectJDKLog.log(DirectJDKLog.java:173)] ::: Initializing Spring DispatcherServlet 'dispatcherServlet'
2021-09-03 00:54:14,423 INFO  [http-nio-8080-exec-1]
[org.springframework.web.servlet.FrameworkServlet.initServletBean(FrameworkServlet.java:525)] ::: Initializing Servlet 'dispatcherServlet'
2021-09-03 00:54:14,425 INFO  [http-nio-8080-exec-1]
[org.springframework.web.servlet.FrameworkServlet.initServletBean(FrameworkServlet.java:547)] ::: Completed initialization in 2 ms
2021-09-03 00:54:14,545 INFO  [http-nio-8080-exec-1]
[com.p6spy.engine.spy.appender.Slf4JLogger.logSQL(Slf4JLogger.java:60)] ::: #1630598054545 | took 0ms | statement | connection 4| url jdbc:h2:tcp://localhost/~/datecourse
select user0_.user_id as user_id1_6_, user0_.created_at as created_2_6_, user0_.updated_at as updated_3_6_, user0_.email as email4_6_, user0_.image_url as image_ur5_6_, user0_.name as name6_6_, user0_.password as password7_6_, user0_.provider as provider8_6_, user0_.provider_id as provider9_6_ from user user0_ where user0_.email=?
select user0_.user_id as user_id1_6_, user0_.created_at as created_2_6_, user0_.updated_at as updated_3_6_, user0_.email as email4_6_, user0_.image_url as image_ur5_6_, user0_.name as name6_6_, user0_.password as password7_6_, user0_.provider as provider8_6_, user0_.provider_id as provider9_6_ from user user0_ where user0_.email='kaktus418@gmail.com';
2021-09-03 00:54:14,587 WARN  [http-nio-8080-exec-1]
[org.hibernate.engine.jdbc.spi.SqlExceptionHelper.logExceptions(SqlExceptionHelper.java:137)] ::: SQL Error: 42001, SQLState: 42001
2021-09-03 00:54:14,588 ERROR [http-nio-8080-exec-1]
[org.hibernate.engine.jdbc.spi.SqlExceptionHelper.logExceptions(SqlExceptionHelper.java:142)] ::: Syntax error in SQL statement "SELECT U FROM USER U JOIN FETCH[*] U.USERFOLLOWS UF ON UF.USER.ID = U.ID JOIN FETCH UF.FOLLOW F ON UF.FOLLOW.ID = F.ID WHERE (SELECT U.ID FROM USER U WHERE U.EMAIL = ? LIMIT 1) = UF.USER.ID"; expected "identifier"; SQL statement:
SELECT u FROM User u JOIN FETCH u.userFollows uf ON uf.user.id = u.id JOIN FETCH uf.follow f ON uf.follow.id = f.id WHERE (SELECT u.id from User u where u.email = ? limit 1) = uf.user.id [42001-200]
2021-09-03 00:54:14,610 ERROR [http-nio-8080-exec-1]
[org.apache.juli.logging.DirectJDKLog.log(DirectJDKLog.java:175)] ::: Servlet.service() for servlet [dispatcherServlet] in context with path [] threw exception [Request processing failed; nested exception is org.springframework.dao.InvalidDataAccessResourceUsageException: could not prepare statement; SQL [SELECT u FROM User u JOIN FETCH u.userFollows uf ON uf.user.id = u.id JOIN FETCH uf.follow f ON uf.follow.id = f.id WHERE (SELECT u.id from User u where u.email = ? limit 1) = uf.user.id]; nested exception is org.hibernate.exception.SQLGrammarException: could not prepare statement] with root cause
org.h2.jdbc.JdbcSQLSyntaxErrorException: Syntax error in SQL statement "SELECT U FROM USER U JOIN FETCH[*] U.USERFOLLOWS UF ON UF.USER.ID = U.ID JOIN FETCH UF.FOLLOW F ON UF.FOLLOW.ID = F.ID WHERE (SELECT U.ID FROM USER U WHERE U.EMAIL = ? LIMIT 1) = UF.USER.ID"; expected "identifier"; SQL statement:
SELECT u FROM User u JOIN FETCH u.userFollows uf ON uf.user.id = u.id JOIN FETCH uf.follow f ON uf.follow.id = f.id WHERE (SELECT u.id from User u where u.email = ? limit 1) = uf.user.id [42001-200]
	at org.h2.message.DbException.getJdbcSQLException(DbException.java:453) ~[h2-1.4.200.jar:1.4.200]
	at org.h2.engine.SessionRemote.done(SessionRemote.java:611) ~[h2-1.4.200.jar:1.4.200]
	at org.h2.command.CommandRemote.prepare(CommandRemote.java:85) ~[h2-1.4.200.jar:1.4.200]
	at org.h2.command.CommandRemote.<init>(CommandRemote.java:51) ~[h2-1.4.200.jar:1.4.200]
	at org.h2.engine.SessionRemote.prepareCommand(SessionRemote.java:481) ~[h2-1.4.200.jar:1.4.200]
	at org.h2.jdbc.JdbcConnection.prepareCommand(JdbcConnection.java:1235) ~[h2-1.4.200.jar:1.4.200]
	at org.h2.jdbc.JdbcPreparedStatement.<init>(JdbcPreparedStatement.java:76) ~[h2-1.4.200.jar:1.4.200]
	at org.h2.jdbc.JdbcConnection.prepareStatement(JdbcConnection.java:352) ~[h2-1.4.200.jar:1.4.200]
	at com.zaxxer.hikari.pool.ProxyConnection.prepareStatement(ProxyConnection.java:337) ~[HikariCP-3.4.5.jar:?]
	at com.zaxxer.hikari.pool.HikariProxyConnection.prepareStatement(HikariProxyConnection.java) ~[HikariCP-3.4.5.jar:?]
	at com.p6spy.engine.wrapper.ConnectionWrapper.prepareStatement(ConnectionWrapper.java:118) ~[p6spy-3.8.2.jar:?]
	at org.hibernate.engine.jdbc.internal.StatementPreparerImpl$5.doPrepare(StatementPreparerImpl.java:149) ~[hibernate-core-5.4.29.Final.jar:5.4.29.Final]
	at org.hibernate.engine.jdbc.internal.StatementPreparerImpl$StatementPreparationTemplate.prepareStatement(StatementPreparerImpl.java:176) ~[hibernate-core-5.4.29.Final.jar:5.4.29.Final]
	at org.hibernate.engine.jdbc.internal.StatementPreparerImpl.prepareQueryStatement(StatementPreparerImpl.java:151) ~[hibernate-core-5.4.29.Final.jar:5.4.29.Final]
	at org.hibernate.loader.Loader.prepareQueryStatement(Loader.java:2103) ~[hibernate-core-5.4.29.Final.jar:5.4.29.Final]
	at org.hibernate.loader.Loader.executeQueryStatement(Loader.java:2040) ~[hibernate-core-5.4.29.Final.jar:5.4.29.Final]
	at org.hibernate.loader.Loader.executeQueryStatement(Loader.java:2018) ~[hibernate-core-5.4.29.Final.jar:5.4.29.Final]
	at org.hibernate.loader.Loader.doQuery(Loader.java:948) ~[hibernate-core-5.4.29.Final.jar:5.4.29.Final]
	at org.hibernate.loader.Loader.doQueryAndInitializeNonLazyCollections(Loader.java:349) ~[hibernate-core-5.4.29.Final.jar:5.4.29.Final]
	at org.hibernate.loader.Loader.doList(Loader.java:2849) ~[hibernate-core-5.4.29.Final.jar:5.4.29.Final]
	at org.hibernate.loader.Loader.doList(Loader.java:2831) ~[hibernate-core-5.4.29.Final.jar:5.4.29.Final]
	at org.hibernate.loader.Loader.listIgnoreQueryCache(Loader.java:2663) ~[hibernate-core-5.4.29.Final.jar:5.4.29.Final]
	at org.hibernate.loader.Loader.list(Loader.java:2658) ~[hibernate-core-5.4.29.Final.jar:5.4.29.Final]
	at org.hibernate.loader.custom.CustomLoader.list(CustomLoader.java:338) ~[hibernate-core-5.4.29.Final.jar:5.4.29.Final]
	at org.hibernate.internal.SessionImpl.listCustomQuery(SessionImpl.java:2141) ~[hibernate-core-5.4.29.Final.jar:5.4.29.Final]
	at org.hibernate.internal.AbstractSharedSessionContract.list(AbstractSharedSessionContract.java:1172) ~[hibernate-core-5.4.29.Final.jar:5.4.29.Final]
	at org.hibernate.query.internal.NativeQueryImpl.doList(NativeQueryImpl.java:176) ~[hibernate-core-5.4.29.Final.jar:5.4.29.Final]
	at org.hibernate.query.internal.AbstractProducedQuery.list(AbstractProducedQuery.java:1593) ~[hibernate-core-5.4.29.Final.jar:5.4.29.Final]
	at org.hibernate.query.Query.getResultList(Query.java:165) ~[hibernate-core-5.4.29.Final.jar:5.4.29.Final]
	at org.springframework.data.jpa.repository.query.JpaQueryExecution$CollectionExecution.doExecute(JpaQueryExecution.java:126) ~[spring-data-jpa-2.4.6.jar:2.4.6]
	at org.springframework.data.jpa.repository.query.JpaQueryExecution.execute(JpaQueryExecution.java:88) ~[spring-data-jpa-2.4.6.jar:2.4.6]
	at org.springframework.data.jpa.repository.query.AbstractJpaQuery.doExecute(AbstractJpaQuery.java:155) ~[spring-data-jpa-2.4.6.jar:2.4.6]
	at org.springframework.data.jpa.repository.query.AbstractJpaQuery.execute(AbstractJpaQuery.java:143) ~[spring-data-jpa-2.4.6.jar:2.4.6]
	at org.springframework.data.repository.core.support.RepositoryMethodInvoker.doInvoke(RepositoryMethodInvoker.java:137) ~[spring-data-commons-2.4.6.jar:2.4.6]
	at org.springframework.data.repository.core.support.RepositoryMethodInvoker.invoke(RepositoryMethodInvoker.java:121) ~[spring-data-commons-2.4.6.jar:2.4.6]
	at org.springframework.data.repository.core.support.QueryExecutorMethodInterceptor.doInvoke(QueryExecutorMethodInterceptor.java:152) ~[spring-data-commons-2.4.6.jar:2.4.6]
	at org.springframework.data.repository.core.support.QueryExecutorMethodInterceptor.invoke(QueryExecutorMethodInterceptor.java:131) ~[spring-data-commons-2.4.6.jar:2.4.6]
	at org.springframework.aop.framework.ReflectiveMethodInvocation.proceed(ReflectiveMethodInvocation.java:186) ~[spring-aop-5.3.5.jar:5.3.5]
	at org.springframework.data.projection.DefaultMethodInvokingMethodInterceptor.invoke(DefaultMethodInvokingMethodInterceptor.java:80) ~[spring-data-commons-2.4.6.jar:2.4.6]
	at org.springframework.aop.framework.ReflectiveMethodInvocation.proceed(ReflectiveMethodInvocation.java:186) ~[spring-aop-5.3.5.jar:5.3.5]
	at org.springframework.transaction.interceptor.TransactionInterceptor$1.proceedWithInvocation(TransactionInterceptor.java:123) ~[spring-tx-5.3.5.jar:5.3.5]
	at org.springframework.transaction.interceptor.TransactionAspectSupport.invokeWithinTransaction(TransactionAspectSupport.java:388) ~[spring-tx-5.3.5.jar:5.3.5]
	at org.springframework.transaction.interceptor.TransactionInterceptor.invoke(TransactionInterceptor.java:119) ~[spring-tx-5.3.5.jar:5.3.5]
	at org.springframework.aop.framework.ReflectiveMethodInvocation.proceed(ReflectiveMethodInvocation.java:186) ~[spring-aop-5.3.5.jar:5.3.5]
	at org.springframework.dao.support.PersistenceExceptionTranslationInterceptor.invoke(PersistenceExceptionTranslationInterceptor.java:137) ~[spring-tx-5.3.5.jar:5.3.5]
	at org.springframework.aop.framework.ReflectiveMethodInvocation.proceed(ReflectiveMethodInvocation.java:186) ~[spring-aop-5.3.5.jar:5.3.5]
	at org.springframework.data.jpa.repository.support.CrudMethodMetadataPostProcessor$CrudMethodMetadataPopulatingMethodInterceptor.invoke(CrudMethodMetadataPostProcessor.java:145) ~[spring-data-jpa-2.4.6.jar:2.4.6]
	at org.springframework.aop.framework.ReflectiveMethodInvocation.proceed(ReflectiveMethodInvocation.java:186) ~[spring-aop-5.3.5.jar:5.3.5]
	at org.springframework.aop.interceptor.ExposeInvocationInterceptor.invoke(ExposeInvocationInterceptor.java:97) ~[spring-aop-5.3.5.jar:5.3.5]
	at org.springframework.aop.framework.ReflectiveMethodInvocation.proceed(ReflectiveMethodInvocation.java:186) ~[spring-aop-5.3.5.jar:5.3.5]
	at org.springframework.aop.framework.JdkDynamicAopProxy.invoke(JdkDynamicAopProxy.java:215) ~[spring-aop-5.3.5.jar:5.3.5]
	at com.sun.proxy.$Proxy137.findAllFollowingUsers(Unknown Source) ~[?:?]
	at me.toy.server.service.UserService.getUserFollowingUsers(UserService.java:165) ~[classes/:?]
	at me.toy.server.service.UserService$$FastClassBySpringCGLIB$$6b326d0c.invoke(<generated>) ~[classes/:?]
	at org.springframework.cglib.proxy.MethodProxy.invoke(MethodProxy.java:218) ~[spring-core-5.3.5.jar:5.3.5]
	at org.springframework.aop.framework.CglibAopProxy$DynamicAdvisedInterceptor.intercept(CglibAopProxy.java:688) ~[spring-aop-5.3.5.jar:5.3.5]
	at me.toy.server.service.UserService$$EnhancerBySpringCGLIB$$feb74c65.getUserFollowingUsers(<generated>) ~[classes/:?]
	at me.toy.server.controller.UserController.getUserFollowingUsers(UserController.java:100) ~[classes/:?]
	at me.toy.server.controller.UserController$$FastClassBySpringCGLIB$$64087cb4.invoke(<generated>) ~[classes/:?]
	at org.springframework.cglib.proxy.MethodProxy.invoke(MethodProxy.java:218) ~[spring-core-5.3.5.jar:5.3.5]
	at org.springframework.aop.framework.CglibAopProxy$CglibMethodInvocation.invokeJoinpoint(CglibAopProxy.java:779) ~[spring-aop-5.3.5.jar:5.3.5]
	at org.springframework.aop.framework.ReflectiveMethodInvocation.proceed(ReflectiveMethodInvocation.java:163) ~[spring-aop-5.3.5.jar:5.3.5]
	at org.springframework.aop.framework.CglibAopProxy$CglibMethodInvocation.proceed(CglibAopProxy.java:750) ~[spring-aop-5.3.5.jar:5.3.5]
	at org.springframework.security.access.intercept.aopalliance.MethodSecurityInterceptor.invoke(MethodSecurityInterceptor.java:61) ~[spring-security-core-5.4.5.jar:5.4.5]
	at org.springframework.aop.framework.ReflectiveMethodInvocation.proceed(ReflectiveMethodInvocation.java:186) ~[spring-aop-5.3.5.jar:5.3.5]
	at org.springframework.aop.framework.CglibAopProxy$CglibMethodInvocation.proceed(CglibAopProxy.java:750) ~[spring-aop-5.3.5.jar:5.3.5]
	at org.springframework.aop.framework.CglibAopProxy$DynamicAdvisedInterceptor.intercept(CglibAopProxy.java:692) ~[spring-aop-5.3.5.jar:5.3.5]
	at me.toy.server.controller.UserController$$EnhancerBySpringCGLIB$$bf498e2f.getUserFollowingUsers(<generated>) ~[classes/:?]
	at sun.reflect.NativeMethodAccessorImpl.invoke0(Native Method) ~[?:1.8.0_261]
	at sun.reflect.NativeMethodAccessorImpl.invoke(NativeMethodAccessorImpl.java:62) ~[?:1.8.0_261]
	at sun.reflect.DelegatingMethodAccessorImpl.invoke(DelegatingMethodAccessorImpl.java:43) ~[?:1.8.0_261]
	at java.lang.reflect.Method.invoke(Method.java:498) ~[?:1.8.0_261]
	at org.springframework.web.method.support.InvocableHandlerMethod.doInvoke(InvocableHandlerMethod.java:197) ~[spring-web-5.3.5.jar:5.3.5]
	at org.springframework.web.method.support.InvocableHandlerMethod.invokeForRequest(InvocableHandlerMethod.java:141) ~[spring-web-5.3.5.jar:5.3.5]
	at org.springframework.web.servlet.mvc.method.annotation.ServletInvocableHandlerMethod.invokeAndHandle(ServletInvocableHandlerMethod.java:106) ~[spring-webmvc-5.3.5.jar:5.3.5]
	at org.springframework.web.servlet.mvc.method.annotation.RequestMappingHandlerAdapter.invokeHandlerMethod(RequestMappingHandlerAdapter.java:894) ~[spring-webmvc-5.3.5.jar:5.3.5]
	at org.springframework.web.servlet.mvc.method.annotation.RequestMappingHandlerAdapter.handleInternal(RequestMappingHandlerAdapter.java:808) ~[spring-webmvc-5.3.5.jar:5.3.5]
	at org.springframework.web.servlet.mvc.method.AbstractHandlerMethodAdapter.handle(AbstractHandlerMethodAdapter.java:87) ~[spring-webmvc-5.3.5.jar:5.3.5]
	at org.springframework.web.servlet.DispatcherServlet.doDispatch(DispatcherServlet.java:1060) ~[spring-webmvc-5.3.5.jar:5.3.5]
	at org.springframework.web.servlet.DispatcherServlet.doService(DispatcherServlet.java:962) ~[spring-webmvc-5.3.5.jar:5.3.5]
	at org.springframework.web.servlet.FrameworkServlet.processRequest(FrameworkServlet.java:1006) ~[spring-webmvc-5.3.5.jar:5.3.5]
	at org.springframework.web.servlet.FrameworkServlet.doGet(FrameworkServlet.java:898) ~[spring-webmvc-5.3.5.jar:5.3.5]
	at javax.servlet.http.HttpServlet.service(HttpServlet.java:626) ~[tomcat-embed-core-9.0.44.jar:4.0.FR]
	at org.springframework.web.servlet.FrameworkServlet.service(FrameworkServlet.java:883) ~[spring-webmvc-5.3.5.jar:5.3.5]
	at javax.servlet.http.HttpServlet.service(HttpServlet.java:733) ~[tomcat-embed-core-9.0.44.jar:4.0.FR]
	at org.apache.catalina.core.ApplicationFilterChain.internalDoFilter(ApplicationFilterChain.java:227) ~[tomcat-embed-core-9.0.44.jar:9.0.44]
	at org.apache.catalina.core.ApplicationFilterChain.doFilter(ApplicationFilterChain.java:162) ~[tomcat-embed-core-9.0.44.jar:9.0.44]
	at org.apache.tomcat.websocket.server.WsFilter.doFilter(WsFilter.java:53) ~[tomcat-embed-websocket-9.0.44.jar:9.0.44]
	at org.apache.catalina.core.ApplicationFilterChain.internalDoFilter(ApplicationFilterChain.java:189) ~[tomcat-embed-core-9.0.44.jar:9.0.44]
	at org.apache.catalina.core.ApplicationFilterChain.doFilter(ApplicationFilterChain.java:162) ~[tomcat-embed-core-9.0.44.jar:9.0.44]
	at org.springframework.web.filter.OncePerRequestFilter.doFilter(OncePerRequestFilter.java:113) ~[spring-web-5.3.5.jar:5.3.5]
	at org.apache.catalina.core.ApplicationFilterChain.internalDoFilter(ApplicationFilterChain.java:189) ~[tomcat-embed-core-9.0.44.jar:9.0.44]
	at org.apache.catalina.core.ApplicationFilterChain.doFilter(ApplicationFilterChain.java:162) ~[tomcat-embed-core-9.0.44.jar:9.0.44]
	at org.springframework.security.web.FilterChainProxy$VirtualFilterChain.doFilter(FilterChainProxy.java:327) ~[spring-security-web-5.4.5.jar:5.4.5]
	at org.springframework.security.web.access.intercept.FilterSecurityInterceptor.invoke(FilterSecurityInterceptor.java:115) ~[spring-security-web-5.4.5.jar:5.4.5]
	at org.springframework.security.web.access.intercept.FilterSecurityInterceptor.doFilter(FilterSecurityInterceptor.java:81) ~[spring-security-web-5.4.5.jar:5.4.5]
	at org.springframework.security.web.FilterChainProxy$VirtualFilterChain.doFilter(FilterChainProxy.java:336) ~[spring-security-web-5.4.5.jar:5.4.5]
	at org.springframework.security.web.access.ExceptionTranslationFilter.doFilter(ExceptionTranslationFilter.java:119) ~[spring-security-web-5.4.5.jar:5.4.5]
	at org.springframework.security.web.access.ExceptionTranslationFilter.doFilter(ExceptionTranslationFilter.java:113) ~[spring-security-web-5.4.5.jar:5.4.5]
	at org.springframework.security.web.FilterChainProxy$VirtualFilterChain.doFilter(FilterChainProxy.java:336) ~[spring-security-web-5.4.5.jar:5.4.5]
	at org.springframework.security.web.session.SessionManagementFilter.doFilter(SessionManagementFilter.java:126) ~[spring-security-web-5.4.5.jar:5.4.5]
	at org.springframework.security.web.session.SessionManagementFilter.doFilter(SessionManagementFilter.java:81) ~[spring-security-web-5.4.5.jar:5.4.5]
	at org.springframework.security.web.FilterChainProxy$VirtualFilterChain.doFilter(FilterChainProxy.java:336) ~[spring-security-web-5.4.5.jar:5.4.5]
	at org.springframework.security.web.authentication.AnonymousAuthenticationFilter.doFilter(AnonymousAuthenticationFilter.java:105) ~[spring-security-web-5.4.5.jar:5.4.5]
	at org.springframework.security.web.FilterChainProxy$VirtualFilterChain.doFilter(FilterChainProxy.java:336) ~[spring-security-web-5.4.5.jar:5.4.5]
	at org.springframework.security.web.servletapi.SecurityContextHolderAwareRequestFilter.doFilter(SecurityContextHolderAwareRequestFilter.java:149) ~[spring-security-web-5.4.5.jar:5.4.5]
	at org.springframework.security.web.FilterChainProxy$VirtualFilterChain.doFilter(FilterChainProxy.java:336) ~[spring-security-web-5.4.5.jar:5.4.5]
	at org.springframework.security.web.savedrequest.RequestCacheAwareFilter.doFilter(RequestCacheAwareFilter.java:63) ~[spring-security-web-5.4.5.jar:5.4.5]
	at org.springframework.security.web.FilterChainProxy$VirtualFilterChain.doFilter(FilterChainProxy.java:336) ~[spring-security-web-5.4.5.jar:5.4.5]
	at org.springframework.security.web.authentication.ui.DefaultLogoutPageGeneratingFilter.doFilterInternal(DefaultLogoutPageGeneratingFilter.java:58) ~[spring-security-web-5.4.5.jar:5.4.5]
	at org.springframework.web.filter.OncePerRequestFilter.doFilter(OncePerRequestFilter.java:119) ~[spring-web-5.3.5.jar:5.3.5]
	at org.springframework.security.web.FilterChainProxy$VirtualFilterChain.doFilter(FilterChainProxy.java:336) ~[spring-security-web-5.4.5.jar:5.4.5]
	at org.springframework.security.web.authentication.ui.DefaultLoginPageGeneratingFilter.doFilter(DefaultLoginPageGeneratingFilter.java:237) ~[spring-security-web-5.4.5.jar:5.4.5]
	at org.springframework.security.web.authentication.ui.DefaultLoginPageGeneratingFilter.doFilter(DefaultLoginPageGeneratingFilter.java:223) ~[spring-security-web-5.4.5.jar:5.4.5]
	at org.springframework.security.web.FilterChainProxy$VirtualFilterChain.doFilter(FilterChainProxy.java:336) ~[spring-security-web-5.4.5.jar:5.4.5]
	at me.toy.server.security.jwt.TokenAuthenticationFilter.doFilterInternal(TokenAuthenticationFilter.java:49) ~[classes/:?]
	at org.springframework.web.filter.OncePerRequestFilter.doFilter(OncePerRequestFilter.java:119) ~[spring-web-5.3.5.jar:5.3.5]
	at org.springframework.security.web.FilterChainProxy$VirtualFilterChain.doFilter(FilterChainProxy.java:336) ~[spring-security-web-5.4.5.jar:5.4.5]
	at org.springframework.security.web.authentication.AbstractAuthenticationProcessingFilter.doFilter(AbstractAuthenticationProcessingFilter.java:218) ~[spring-security-web-5.4.5.jar:5.4.5]
	at org.springframework.security.web.authentication.AbstractAuthenticationProcessingFilter.doFilter(AbstractAuthenticationProcessingFilter.java:212) ~[spring-security-web-5.4.5.jar:5.4.5]
	at org.springframework.security.web.FilterChainProxy$VirtualFilterChain.doFilter(FilterChainProxy.java:336) ~[spring-security-web-5.4.5.jar:5.4.5]
	at org.springframework.security.oauth2.client.web.OAuth2AuthorizationRequestRedirectFilter.doFilterInternal(OAuth2AuthorizationRequestRedirectFilter.java:178) ~[spring-security-oauth2-client-5.4.5.jar:5.4.5]
	at org.springframework.web.filter.OncePerRequestFilter.doFilter(OncePerRequestFilter.java:119) ~[spring-web-5.3.5.jar:5.3.5]
	at org.springframework.security.web.FilterChainProxy$VirtualFilterChain.doFilter(FilterChainProxy.java:336) ~[spring-security-web-5.4.5.jar:5.4.5]
	at org.springframework.security.web.authentication.logout.LogoutFilter.doFilter(LogoutFilter.java:103) ~[spring-security-web-5.4.5.jar:5.4.5]
	at org.springframework.security.web.authentication.logout.LogoutFilter.doFilter(LogoutFilter.java:89) ~[spring-security-web-5.4.5.jar:5.4.5]
	at org.springframework.security.web.FilterChainProxy$VirtualFilterChain.doFilter(FilterChainProxy.java:336) ~[spring-security-web-5.4.5.jar:5.4.5]
	at org.springframework.web.filter.CorsFilter.doFilterInternal(CorsFilter.java:91) ~[spring-web-5.3.5.jar:5.3.5]
	at org.springframework.web.filter.OncePerRequestFilter.doFilter(OncePerRequestFilter.java:119) ~[spring-web-5.3.5.jar:5.3.5]
	at org.springframework.security.web.FilterChainProxy$VirtualFilterChain.doFilter(FilterChainProxy.java:336) ~[spring-security-web-5.4.5.jar:5.4.5]
	at org.springframework.security.web.header.HeaderWriterFilter.doHeadersAfter(HeaderWriterFilter.java:90) ~[spring-security-web-5.4.5.jar:5.4.5]
	at org.springframework.security.web.header.HeaderWriterFilter.doFilterInternal(HeaderWriterFilter.java:75) ~[spring-security-web-5.4.5.jar:5.4.5]
	at org.springframework.web.filter.OncePerRequestFilter.doFilter(OncePerRequestFilter.java:119) ~[spring-web-5.3.5.jar:5.3.5]
	at org.springframework.security.web.FilterChainProxy$VirtualFilterChain.doFilter(FilterChainProxy.java:336) ~[spring-security-web-5.4.5.jar:5.4.5]
	at org.springframework.security.web.context.SecurityContextPersistenceFilter.doFilter(SecurityContextPersistenceFilter.java:110) ~[spring-security-web-5.4.5.jar:5.4.5]
	at org.springframework.security.web.context.SecurityContextPersistenceFilter.doFilter(SecurityContextPersistenceFilter.java:80) ~[spring-security-web-5.4.5.jar:5.4.5]
	at org.springframework.security.web.FilterChainProxy$VirtualFilterChain.doFilter(FilterChainProxy.java:336) ~[spring-security-web-5.4.5.jar:5.4.5]
	at org.springframework.security.web.context.request.async.WebAsyncManagerIntegrationFilter.doFilterInternal(WebAsyncManagerIntegrationFilter.java:55) ~[spring-security-web-5.4.5.jar:5.4.5]
	at org.springframework.web.filter.OncePerRequestFilter.doFilter(OncePerRequestFilter.java:119) ~[spring-web-5.3.5.jar:5.3.5]
	at org.springframework.security.web.FilterChainProxy$VirtualFilterChain.doFilter(FilterChainProxy.java:336) ~[spring-security-web-5.4.5.jar:5.4.5]
	at org.springframework.security.web.FilterChainProxy.doFilterInternal(FilterChainProxy.java:211) ~[spring-security-web-5.4.5.jar:5.4.5]
	at org.springframework.security.web.FilterChainProxy.doFilter(FilterChainProxy.java:183) ~[spring-security-web-5.4.5.jar:5.4.5]
	at org.springframework.web.filter.DelegatingFilterProxy.invokeDelegate(DelegatingFilterProxy.java:358) ~[spring-web-5.3.5.jar:5.3.5]
	at org.springframework.web.filter.DelegatingFilterProxy.doFilter(DelegatingFilterProxy.java:271) ~[spring-web-5.3.5.jar:5.3.5]
	at org.apache.catalina.core.ApplicationFilterChain.internalDoFilter(ApplicationFilterChain.java:189) ~[tomcat-embed-core-9.0.44.jar:9.0.44]
	at org.apache.catalina.core.ApplicationFilterChain.doFilter(ApplicationFilterChain.java:162) ~[tomcat-embed-core-9.0.44.jar:9.0.44]
	at org.springframework.web.filter.RequestContextFilter.doFilterInternal(RequestContextFilter.java:100) ~[spring-web-5.3.5.jar:5.3.5]
	at org.springframework.web.filter.OncePerRequestFilter.doFilter(OncePerRequestFilter.java:119) ~[spring-web-5.3.5.jar:5.3.5]
	at org.apache.catalina.core.ApplicationFilterChain.internalDoFilter(ApplicationFilterChain.java:189) ~[tomcat-embed-core-9.0.44.jar:9.0.44]
	at org.apache.catalina.core.ApplicationFilterChain.doFilter(ApplicationFilterChain.java:162) ~[tomcat-embed-core-9.0.44.jar:9.0.44]
	at org.springframework.web.filter.FormContentFilter.doFilterInternal(FormContentFilter.java:93) ~[spring-web-5.3.5.jar:5.3.5]
	at org.springframework.web.filter.OncePerRequestFilter.doFilter(OncePerRequestFilter.java:119) ~[spring-web-5.3.5.jar:5.3.5]
	at org.apache.catalina.core.ApplicationFilterChain.internalDoFilter(ApplicationFilterChain.java:189) ~[tomcat-embed-core-9.0.44.jar:9.0.44]
	at org.apache.catalina.core.ApplicationFilterChain.doFilter(ApplicationFilterChain.java:162) ~[tomcat-embed-core-9.0.44.jar:9.0.44]
	at org.springframework.web.filter.CharacterEncodingFilter.doFilterInternal(CharacterEncodingFilter.java:201) ~[spring-web-5.3.5.jar:5.3.5]
	at org.springframework.web.filter.OncePerRequestFilter.doFilter(OncePerRequestFilter.java:119) ~[spring-web-5.3.5.jar:5.3.5]
	at org.apache.catalina.core.ApplicationFilterChain.internalDoFilter(ApplicationFilterChain.java:189) ~[tomcat-embed-core-9.0.44.jar:9.0.44]
	at org.apache.catalina.core.ApplicationFilterChain.doFilter(ApplicationFilterChain.java:162) ~[tomcat-embed-core-9.0.44.jar:9.0.44]
	at org.apache.catalina.core.StandardWrapperValve.invoke(StandardWrapperValve.java:202) [tomcat-embed-core-9.0.44.jar:9.0.44]
	at org.apache.catalina.core.StandardContextValve.invoke(StandardContextValve.java:97) [tomcat-embed-core-9.0.44.jar:9.0.44]
	at org.apache.catalina.authenticator.AuthenticatorBase.invoke(AuthenticatorBase.java:542) [tomcat-embed-core-9.0.44.jar:9.0.44]
	at org.apache.catalina.core.StandardHostValve.invoke(StandardHostValve.java:143) [tomcat-embed-core-9.0.44.jar:9.0.44]
	at org.apache.catalina.valves.ErrorReportValve.invoke(ErrorReportValve.java:92) [tomcat-embed-core-9.0.44.jar:9.0.44]
	at org.apache.catalina.core.StandardEngineValve.invoke(StandardEngineValve.java:78) [tomcat-embed-core-9.0.44.jar:9.0.44]
	at org.apache.catalina.connector.CoyoteAdapter.service(CoyoteAdapter.java:357) [tomcat-embed-core-9.0.44.jar:9.0.44]
	at org.apache.coyote.http11.Http11Processor.service(Http11Processor.java:374) [tomcat-embed-core-9.0.44.jar:9.0.44]
	at org.apache.coyote.AbstractProcessorLight.process(AbstractProcessorLight.java:65) [tomcat-embed-core-9.0.44.jar:9.0.44]
	at org.apache.coyote.AbstractProtocol$ConnectionHandler.process(AbstractProtocol.java:893) [tomcat-embed-core-9.0.44.jar:9.0.44]
	at org.apache.tomcat.util.net.NioEndpoint$SocketProcessor.doRun(NioEndpoint.java:1707) [tomcat-embed-core-9.0.44.jar:9.0.44]
	at org.apache.tomcat.util.net.SocketProcessorBase.run(SocketProcessorBase.java:49) [tomcat-embed-core-9.0.44.jar:9.0.44]
	at java.util.concurrent.ThreadPoolExecutor.runWorker(ThreadPoolExecutor.java:1149) [?:1.8.0_261]
	at java.util.concurrent.ThreadPoolExecutor$Worker.run(ThreadPoolExecutor.java:624) [?:1.8.0_261]
	at org.apache.tomcat.util.threads.TaskThread$WrappingRunnable.run(TaskThread.java:61) [tomcat-embed-core-9.0.44.jar:9.0.44]
	at java.lang.Thread.run(Thread.java:748) [?:1.8.0_261]
2021-09-03 00:54:49,023 INFO  [SpringContextShutdownHook]
[org.springframework.scheduling.concurrent.ExecutorConfigurationSupport.shutdown(ExecutorConfigurationSupport.java:218)] ::: Shutting down ExecutorService 'applicationTaskExecutor'
2021-09-03 00:54:49,045 INFO  [SpringContextShutdownHook]
[com.p6spy.engine.spy.appender.Slf4JLogger.logSQL(Slf4JLogger.java:60)] ::: #1630598089045 | took 0ms | statement | connection 5| url jdbc:h2:tcp://localhost/~/datecourse
select user0_.user_id as user_id1_6_, user0_.created_at as created_2_6_, user0_.updated_at as updated_3_6_, user0_.email as email4_6_, user0_.image_url as image_ur5_6_, user0_.name as name6_6_, user0_.password as password7_6_, user0_.provider as provider8_6_, user0_.provider_id as provider9_6_ from user user0_ where user0_.email=?
select user0_.user_id as user_id1_6_, user0_.created_at as created_2_6_, user0_.updated_at as updated_3_6_, user0_.email as email4_6_, user0_.image_url as image_ur5_6_, user0_.name as name6_6_, user0_.password as password7_6_, user0_.provider as provider8_6_, user0_.provider_id as provider9_6_ from user user0_ where user0_.email='test@naver.com';
2021-09-03 00:54:49,065 WARN  [SpringContextShutdownHook]
[org.springframework.beans.factory.annotation.InitDestroyAnnotationBeanPostProcessor.postProcessBeforeDestruction(InitDestroyAnnotationBeanPostProcessor.java:185)] ::: Destroy method on bean with name 'securityConfig' threw an exception: org.springframework.dao.IncorrectResultSizeDataAccessException: query did not return a unique result: 109; nested exception is javax.persistence.NonUniqueResultException: query did not return a unique result: 109
2021-09-03 00:54:49,067 INFO  [SpringContextShutdownHook]
[org.springframework.orm.jpa.AbstractEntityManagerFactoryBean.destroy(AbstractEntityManagerFactoryBean.java:651)] ::: Closing JPA EntityManagerFactory for persistence unit 'default'
2021-09-03 00:54:49,072 INFO  [SpringContextShutdownHook]
[com.zaxxer.hikari.HikariDataSource.close(HikariDataSource.java:350)] ::: HikariCP - Shutdown initiated...
2021-09-03 00:54:49,758 INFO  [SpringContextShutdownHook]
[com.zaxxer.hikari.HikariDataSource.close(HikariDataSource.java:352)] ::: HikariCP - Shutdown completed.
2021-09-03 01:21:41,024 INFO  [background-preinit]
[org.hibernate.validator.internal.util.Version.<clinit>(Version.java:21)] ::: HV000001: Hibernate Validator 6.1.7.Final
2021-09-03 01:21:41,063 INFO  [restartedMain]
[org.springframework.boot.StartupInfoLogger.logStarting(StartupInfoLogger.java:55)] ::: Starting OpenDateCourseApplication using Java 1.8.0_261 on JCR with PID 125036 (D:\GitHub\open_date_course\back\out\production\classes started by pc in D:\GitHub\open_date_course\back)
2021-09-03 01:21:41,067 INFO  [restartedMain]
[org.springframework.boot.SpringApplication.logStartupProfileInfo(SpringApplication.java:666)] ::: The following profiles are active: dev
2021-09-03 01:21:41,126 WARN  [restartedMain]
[org.springframework.boot.logging.DeferredLog.logTo(DeferredLog.java:258)] ::: Property 'spring.profiles' imported from location 'class path resource [application.yml]' is invalid and should be replaced with 'spring.config.activate.on-profile' [origin: class path resource [application.yml] - 14:13]
2021-09-03 01:21:41,126 WARN  [restartedMain]
[org.springframework.boot.logging.DeferredLog.logTo(DeferredLog.java:258)] ::: Property 'spring.profiles' imported from location 'class path resource [application.yml]' is invalid and should be replaced with 'spring.config.activate.on-profile' [origin: class path resource [application.yml] - 7:13]
2021-09-03 01:21:41,128 INFO  [restartedMain]
[org.springframework.boot.logging.DeferredLog.logTo(DeferredLog.java:255)] ::: Devtools property defaults active! Set 'spring.devtools.add-properties' to 'false' to disable
2021-09-03 01:21:41,128 INFO  [restartedMain]
[org.springframework.boot.logging.DeferredLog.logTo(DeferredLog.java:255)] ::: For additional web related logging consider setting the 'logging.level.web' property to 'DEBUG'
2021-09-03 01:21:42,939 INFO  [restartedMain]
[org.springframework.data.repository.config.RepositoryConfigurationDelegate.registerRepositoriesIn(RepositoryConfigurationDelegate.java:128)] ::: Bootstrapping Spring Data JPA repositories in DEFAULT mode.
2021-09-03 01:21:43,060 INFO  [restartedMain]
[org.springframework.data.repository.config.RepositoryConfigurationDelegate.registerRepositoriesIn(RepositoryConfigurationDelegate.java:188)] ::: Finished Spring Data repository scanning in 110 ms. Found 10 JPA repository interfaces.
2021-09-03 01:21:43,659 INFO  [restartedMain]
[org.springframework.context.support.PostProcessorRegistrationDelegate$BeanPostProcessorChecker.postProcessAfterInitialization(PostProcessorRegistrationDelegate.java:376)] ::: Bean 'org.springframework.security.access.expression.method.DefaultMethodSecurityExpressionHandler@373e8e43' of type [org.springframework.security.access.expression.method.DefaultMethodSecurityExpressionHandler] is not eligible for getting processed by all BeanPostProcessors (for example: not eligible for auto-proxying)
2021-09-03 01:21:43,672 INFO  [restartedMain]
[org.springframework.context.support.PostProcessorRegistrationDelegate$BeanPostProcessorChecker.postProcessAfterInitialization(PostProcessorRegistrationDelegate.java:376)] ::: Bean 'methodSecurityMetadataSource' of type [org.springframework.security.access.method.DelegatingMethodSecurityMetadataSource] is not eligible for getting processed by all BeanPostProcessors (for example: not eligible for auto-proxying)
2021-09-03 01:21:44,123 INFO  [restartedMain]
[org.springframework.boot.web.embedded.tomcat.TomcatWebServer.initialize(TomcatWebServer.java:108)] ::: Tomcat initialized with port(s): 8080 (http)
2021-09-03 01:21:44,137 INFO  [restartedMain]
[org.apache.juli.logging.DirectJDKLog.log(DirectJDKLog.java:173)] ::: Initializing ProtocolHandler ["http-nio-8080"]
2021-09-03 01:21:44,137 INFO  [restartedMain]
[org.apache.juli.logging.DirectJDKLog.log(DirectJDKLog.java:173)] ::: Starting service [Tomcat]
2021-09-03 01:21:44,137 INFO  [restartedMain]
[org.apache.juli.logging.DirectJDKLog.log(DirectJDKLog.java:173)] ::: Starting Servlet engine: [Apache Tomcat/9.0.44]
2021-09-03 01:21:44,354 INFO  [restartedMain]
[org.apache.juli.logging.DirectJDKLog.log(DirectJDKLog.java:173)] ::: Initializing Spring embedded WebApplicationContext
2021-09-03 01:21:44,355 INFO  [restartedMain]
[org.springframework.boot.web.servlet.context.ServletWebServerApplicationContext.prepareWebApplicationContext(ServletWebServerApplicationContext.java:289)] ::: Root WebApplicationContext: initialization completed in 3226 ms
2021-09-03 01:21:44,527 INFO  [restartedMain]
[com.zaxxer.hikari.HikariDataSource.getConnection(HikariDataSource.java:110)] ::: HikariCP - Starting...
2021-09-03 01:21:44,591 INFO  [restartedMain]
[com.zaxxer.hikari.HikariDataSource.getConnection(HikariDataSource.java:123)] ::: HikariCP - Start completed.
2021-09-03 01:21:44,601 INFO  [restartedMain]
[org.springframework.boot.autoconfigure.h2.H2ConsoleAutoConfiguration.lambda$h2Console$0(H2ConsoleAutoConfiguration.java:68)] ::: H2 console available at '/h2-console'. Database available at 'jdbc:h2:tcp://localhost/~/datecourse'
2021-09-03 01:21:44,893 INFO  [restartedMain]
[org.hibernate.jpa.internal.util.LogHelper.logPersistenceUnitInformation(LogHelper.java:31)] ::: HHH000204: Processing PersistenceUnitInfo [name: default]
2021-09-03 01:21:45,007 INFO  [restartedMain]
[org.hibernate.Version.logVersion(Version.java:44)] ::: HHH000412: Hibernate ORM core version 5.4.29.Final
2021-09-03 01:21:45,191 INFO  [restartedMain]
[org.hibernate.annotations.common.reflection.java.JavaReflectionManager.<clinit>(JavaReflectionManager.java:56)] ::: HCANN000001: Hibernate Commons Annotations {5.1.2.Final}
2021-09-03 01:21:45,356 INFO  [restartedMain]
[org.hibernate.dialect.Dialect.<init>(Dialect.java:175)] ::: HHH000400: Using dialect: org.hibernate.dialect.H2Dialect
2021-09-03 01:21:46,534 INFO  [restartedMain]
[org.hibernate.resource.transaction.backend.jdbc.internal.DdlTransactionIsolatorNonJtaImpl.getIsolatedConnection(DdlTransactionIsolatorNonJtaImpl.java:47)] ::: HHH10001501: Connection obtained from JdbcConnectionAccess [org.hibernate.engine.jdbc.env.internal.JdbcEnvironmentInitiator$ConnectionProviderJdbcConnectionAccess@510deda2] for (non-JTA) DDL execution was not in auto-commit mode; the Connection 'local transaction' will be committed and the Connection will be set into auto-commit mode.
2021-09-03 01:21:46,535 INFO  [restartedMain]
[com.p6spy.engine.spy.appender.Slf4JLogger.logSQL(Slf4JLogger.java:60)] ::: #1630599706535 | took 0ms | commit | connection 2| url jdbc:h2:tcp://localhost/~/datecourse

;
2021-09-03 01:21:46,540 INFO  [restartedMain]
[com.p6spy.engine.spy.appender.Slf4JLogger.logSQL(Slf4JLogger.java:60)] ::: #1630599706539 | took 2ms | statement | connection 2| url jdbc:h2:tcp://localhost/~/datecourse
select * from INFORMATION_SCHEMA.SEQUENCES
select * from INFORMATION_SCHEMA.SEQUENCES;
2021-09-03 01:21:46,602 INFO  [restartedMain]
[org.hibernate.engine.transaction.jta.platform.internal.JtaPlatformInitiator.initiateService(JtaPlatformInitiator.java:52)] ::: HHH000490: Using JtaPlatform implementation: [org.hibernate.engine.transaction.jta.platform.internal.NoJtaPlatform]
2021-09-03 01:21:46,618 INFO  [restartedMain]
[org.springframework.orm.jpa.AbstractEntityManagerFactoryBean.buildNativeEntityManagerFactory(AbstractEntityManagerFactoryBean.java:437)] ::: Initialized JPA EntityManagerFactory for persistence unit 'default'
2021-09-03 01:21:46,680 INFO  [restartedMain]
[org.springframework.boot.devtools.autoconfigure.OptionalLiveReloadServer.startServer(OptionalLiveReloadServer.java:58)] ::: LiveReload server is running on port 35729
2021-09-03 01:21:48,495 WARN  [restartedMain]
[org.springframework.boot.autoconfigure.orm.jpa.JpaBaseConfiguration$JpaWebConfiguration.openEntityManagerInViewInterceptor(JpaBaseConfiguration.java:221)] ::: spring.jpa.open-in-view is enabled by default. Therefore, database queries may be performed during view rendering. Explicitly configure spring.jpa.open-in-view to disable this warning
2021-09-03 01:21:48,561 INFO  [restartedMain]
[com.p6spy.engine.spy.appender.Slf4JLogger.logSQL(Slf4JLogger.java:60)] ::: #1630599708561 | took 0ms | statement | connection 3| url jdbc:h2:tcp://localhost/~/datecourse
call next value for hibernate_sequence
call next value for hibernate_sequence;
2021-09-03 01:21:48,617 INFO  [restartedMain]
[com.p6spy.engine.spy.appender.Slf4JLogger.logSQL(Slf4JLogger.java:60)] ::: #1630599708616 | took 0ms | statement | connection 3| url jdbc:h2:tcp://localhost/~/datecourse
insert into user (created_at, updated_at, email, image_url, name, password, provider, provider_id, user_id) values (?, ?, ?, ?, ?, ?, ?, ?, ?)
insert into user (created_at, updated_at, email, image_url, name, password, provider, provider_id, user_id) values ('2021-09-03T01:21:48.521+0900', NULL, 'test@naver.com', NULL, 'testUser', NULL, NULL, NULL, 209);
2021-09-03 01:21:48,622 INFO  [restartedMain]
[com.p6spy.engine.spy.appender.Slf4JLogger.logSQL(Slf4JLogger.java:60)] ::: #1630599708622 | took 0ms | commit | connection 3| url jdbc:h2:tcp://localhost/~/datecourse

;
2021-09-03 01:21:48,660 WARN  [restartedMain]
[org.hibernate.hql.internal.ast.HqlSqlWalker.lookupProperty(HqlSqlWalker.java:670)] ::: HHH90000016: Found use of deprecated 'collection property' syntax in HQL/JPQL query [d.userDateCourseLikes.size]; use collection function syntax instead [size(d.userDateCourseLikes)].
2021-09-03 01:21:49,596 INFO  [restartedMain]
[org.springframework.security.web.DefaultSecurityFilterChain.<init>(DefaultSecurityFilterChain.java:51)] ::: Will secure any request with [org.springframework.security.web.context.request.async.WebAsyncManagerIntegrationFilter@4a9187b9, org.springframework.security.web.context.SecurityContextPersistenceFilter@62f9ee31, org.springframework.security.web.header.HeaderWriterFilter@59b7b0f0, org.springframework.web.filter.CorsFilter@2e50dbfe, org.springframework.security.web.authentication.logout.LogoutFilter@7b700309, org.springframework.security.oauth2.client.web.OAuth2AuthorizationRequestRedirectFilter@6fb5fc3d, org.springframework.security.oauth2.client.web.OAuth2LoginAuthenticationFilter@64f547e9, me.toy.server.security.jwt.TokenAuthenticationFilter@75c9f3d, org.springframework.security.web.authentication.ui.DefaultLoginPageGeneratingFilter@9a651b8, org.springframework.security.web.authentication.ui.DefaultLogoutPageGeneratingFilter@62ceb66a, org.springframework.security.web.savedrequest.RequestCacheAwareFilter@3442c420, org.springframework.security.web.servletapi.SecurityContextHolderAwareRequestFilter@6018d7b9, org.springframework.security.web.authentication.AnonymousAuthenticationFilter@4c630344, org.springframework.security.web.session.SessionManagementFilter@6ab70ee, org.springframework.security.web.access.ExceptionTranslationFilter@6181ab8c, org.springframework.security.web.access.intercept.FilterSecurityInterceptor@717e8f3b]
2021-09-03 01:21:49,749 INFO  [restartedMain]
[org.springframework.scheduling.concurrent.ExecutorConfigurationSupport.initialize(ExecutorConfigurationSupport.java:181)] ::: Initializing ExecutorService 'applicationTaskExecutor'
2021-09-03 01:21:50,109 INFO  [restartedMain]
[org.apache.juli.logging.DirectJDKLog.log(DirectJDKLog.java:173)] ::: Starting ProtocolHandler ["http-nio-8080"]
2021-09-03 01:21:50,132 INFO  [restartedMain]
[org.springframework.boot.web.embedded.tomcat.TomcatWebServer.start(TomcatWebServer.java:220)] ::: Tomcat started on port(s): 8080 (http) with context path ''
2021-09-03 01:21:50,533 INFO  [restartedMain]
[org.springframework.boot.StartupInfoLogger.logStarted(StartupInfoLogger.java:61)] ::: Started OpenDateCourseApplication in 10.276 seconds (JVM running for 13.027)
2021-09-03 01:21:56,313 INFO  [http-nio-8080-exec-2]
[org.apache.juli.logging.DirectJDKLog.log(DirectJDKLog.java:173)] ::: Initializing Spring DispatcherServlet 'dispatcherServlet'
2021-09-03 01:21:56,314 INFO  [http-nio-8080-exec-2]
[org.springframework.web.servlet.FrameworkServlet.initServletBean(FrameworkServlet.java:525)] ::: Initializing Servlet 'dispatcherServlet'
2021-09-03 01:21:56,316 INFO  [http-nio-8080-exec-2]
[org.springframework.web.servlet.FrameworkServlet.initServletBean(FrameworkServlet.java:547)] ::: Completed initialization in 2 ms
2021-09-03 01:21:56,437 INFO  [http-nio-8080-exec-2]
[com.p6spy.engine.spy.appender.Slf4JLogger.logSQL(Slf4JLogger.java:60)] ::: #1630599716436 | took 0ms | statement | connection 4| url jdbc:h2:tcp://localhost/~/datecourse
select user0_.user_id as user_id1_6_, user0_.created_at as created_2_6_, user0_.updated_at as updated_3_6_, user0_.email as email4_6_, user0_.image_url as image_ur5_6_, user0_.name as name6_6_, user0_.password as password7_6_, user0_.provider as provider8_6_, user0_.provider_id as provider9_6_ from user user0_ where user0_.email=?
select user0_.user_id as user_id1_6_, user0_.created_at as created_2_6_, user0_.updated_at as updated_3_6_, user0_.email as email4_6_, user0_.image_url as image_ur5_6_, user0_.name as name6_6_, user0_.password as password7_6_, user0_.provider as provider8_6_, user0_.provider_id as provider9_6_ from user user0_ where user0_.email='kaktus418@gmail.com';
2021-09-03 01:21:56,489 INFO  [http-nio-8080-exec-2]
[com.p6spy.engine.spy.appender.Slf4JLogger.logSQL(Slf4JLogger.java:60)] ::: #1630599716488 | took 23ms | statement | connection 4| url jdbc:h2:tcp://localhost/~/datecourse
select user0_.user_id as user_id1_6_0_, userfollow4_.id as id1_9_1_, user0_.created_at as created_2_6_0_, user0_.updated_at as updated_3_6_0_, user0_.email as email4_6_0_, user0_.image_url as image_ur5_6_0_, user0_.name as name6_6_0_, user0_.password as password7_6_0_, user0_.provider as provider8_6_0_, user0_.provider_id as provider9_6_0_, userfollow4_.follow_id as follow_i2_9_1_, userfollow4_.user_id as user_id3_9_1_, userfollow4_.user_id as user_id3_9_0__, userfollow4_.id as id1_9_0__ from user user0_ left outer join user_follow userfollow4_ on user0_.user_id=userfollow4_.user_id where exists (select user1_.user_id from user user1_ inner join user_follow userfollow2_ on user1_.user_id=userfollow2_.user_id and (userfollow2_.user_id=user1_.user_id) inner join follow follow3_ on userfollow2_.follow_id=follow3_.follow_id and (follow3_.follow_id=userfollow2_.follow_id) where user1_.email=?)
select user0_.user_id as user_id1_6_0_, userfollow4_.id as id1_9_1_, user0_.created_at as created_2_6_0_, user0_.updated_at as updated_3_6_0_, user0_.email as email4_6_0_, user0_.image_url as image_ur5_6_0_, user0_.name as name6_6_0_, user0_.password as password7_6_0_, user0_.provider as provider8_6_0_, user0_.provider_id as provider9_6_0_, userfollow4_.follow_id as follow_i2_9_1_, userfollow4_.user_id as user_id3_9_1_, userfollow4_.user_id as user_id3_9_0__, userfollow4_.id as id1_9_0__ from user user0_ left outer join user_follow userfollow4_ on user0_.user_id=userfollow4_.user_id where exists (select user1_.user_id from user user1_ inner join user_follow userfollow2_ on user1_.user_id=userfollow2_.user_id and (userfollow2_.user_id=user1_.user_id) inner join follow follow3_ on userfollow2_.follow_id=follow3_.follow_id and (follow3_.follow_id=userfollow2_.follow_id) where user1_.email='kaktus418@gmail.com');
2021-09-03 01:28:45,824 INFO  [SpringContextShutdownHook]
[org.springframework.scheduling.concurrent.ExecutorConfigurationSupport.shutdown(ExecutorConfigurationSupport.java:218)] ::: Shutting down ExecutorService 'applicationTaskExecutor'
2021-09-03 01:28:45,853 INFO  [SpringContextShutdownHook]
[com.p6spy.engine.spy.appender.Slf4JLogger.logSQL(Slf4JLogger.java:60)] ::: #1630600125853 | took 0ms | statement | connection 5| url jdbc:h2:tcp://localhost/~/datecourse
select user0_.user_id as user_id1_6_, user0_.created_at as created_2_6_, user0_.updated_at as updated_3_6_, user0_.email as email4_6_, user0_.image_url as image_ur5_6_, user0_.name as name6_6_, user0_.password as password7_6_, user0_.provider as provider8_6_, user0_.provider_id as provider9_6_ from user user0_ where user0_.email=?
select user0_.user_id as user_id1_6_, user0_.created_at as created_2_6_, user0_.updated_at as updated_3_6_, user0_.email as email4_6_, user0_.image_url as image_ur5_6_, user0_.name as name6_6_, user0_.password as password7_6_, user0_.provider as provider8_6_, user0_.provider_id as provider9_6_ from user user0_ where user0_.email='test@naver.com';
2021-09-03 01:28:45,875 WARN  [SpringContextShutdownHook]
[org.springframework.beans.factory.annotation.InitDestroyAnnotationBeanPostProcessor.postProcessBeforeDestruction(InitDestroyAnnotationBeanPostProcessor.java:185)] ::: Destroy method on bean with name 'securityConfig' threw an exception: org.springframework.dao.IncorrectResultSizeDataAccessException: query did not return a unique result: 110; nested exception is javax.persistence.NonUniqueResultException: query did not return a unique result: 110
2021-09-03 01:28:45,877 INFO  [SpringContextShutdownHook]
[org.springframework.orm.jpa.AbstractEntityManagerFactoryBean.destroy(AbstractEntityManagerFactoryBean.java:651)] ::: Closing JPA EntityManagerFactory for persistence unit 'default'
2021-09-03 01:28:45,884 INFO  [SpringContextShutdownHook]
[com.zaxxer.hikari.HikariDataSource.close(HikariDataSource.java:350)] ::: HikariCP - Shutdown initiated...
2021-09-03 01:28:45,916 INFO  [SpringContextShutdownHook]
[com.zaxxer.hikari.HikariDataSource.close(HikariDataSource.java:352)] ::: HikariCP - Shutdown completed.
2021-09-03 01:29:08,151 INFO  [background-preinit]
[org.hibernate.validator.internal.util.Version.<clinit>(Version.java:21)] ::: HV000001: Hibernate Validator 6.1.7.Final
2021-09-03 01:29:08,205 INFO  [restartedMain]
[org.springframework.boot.StartupInfoLogger.logStarting(StartupInfoLogger.java:55)] ::: Starting OpenDateCourseApplication using Java 1.8.0_261 on JCR with PID 96972 (D:\GitHub\open_date_course\back\out\production\classes started by pc in D:\GitHub\open_date_course\back)
2021-09-03 01:29:08,211 INFO  [restartedMain]
[org.springframework.boot.SpringApplication.logStartupProfileInfo(SpringApplication.java:666)] ::: The following profiles are active: dev
2021-09-03 01:29:08,275 WARN  [restartedMain]
[org.springframework.boot.logging.DeferredLog.logTo(DeferredLog.java:258)] ::: Property 'spring.profiles' imported from location 'class path resource [application.yml]' is invalid and should be replaced with 'spring.config.activate.on-profile' [origin: class path resource [application.yml] - 14:13]
2021-09-03 01:29:08,275 WARN  [restartedMain]
[org.springframework.boot.logging.DeferredLog.logTo(DeferredLog.java:258)] ::: Property 'spring.profiles' imported from location 'class path resource [application.yml]' is invalid and should be replaced with 'spring.config.activate.on-profile' [origin: class path resource [application.yml] - 7:13]
2021-09-03 01:29:08,277 INFO  [restartedMain]
[org.springframework.boot.logging.DeferredLog.logTo(DeferredLog.java:255)] ::: Devtools property defaults active! Set 'spring.devtools.add-properties' to 'false' to disable
2021-09-03 01:29:08,277 INFO  [restartedMain]
[org.springframework.boot.logging.DeferredLog.logTo(DeferredLog.java:255)] ::: For additional web related logging consider setting the 'logging.level.web' property to 'DEBUG'
2021-09-03 01:29:10,049 INFO  [restartedMain]
[org.springframework.data.repository.config.RepositoryConfigurationDelegate.registerRepositoriesIn(RepositoryConfigurationDelegate.java:128)] ::: Bootstrapping Spring Data JPA repositories in DEFAULT mode.
2021-09-03 01:29:10,195 INFO  [restartedMain]
[org.springframework.data.repository.config.RepositoryConfigurationDelegate.registerRepositoriesIn(RepositoryConfigurationDelegate.java:188)] ::: Finished Spring Data repository scanning in 133 ms. Found 10 JPA repository interfaces.
2021-09-03 01:29:10,888 INFO  [restartedMain]
[org.springframework.context.support.PostProcessorRegistrationDelegate$BeanPostProcessorChecker.postProcessAfterInitialization(PostProcessorRegistrationDelegate.java:376)] ::: Bean 'org.springframework.security.access.expression.method.DefaultMethodSecurityExpressionHandler@7da643f6' of type [org.springframework.security.access.expression.method.DefaultMethodSecurityExpressionHandler] is not eligible for getting processed by all BeanPostProcessors (for example: not eligible for auto-proxying)
2021-09-03 01:29:10,899 INFO  [restartedMain]
[org.springframework.context.support.PostProcessorRegistrationDelegate$BeanPostProcessorChecker.postProcessAfterInitialization(PostProcessorRegistrationDelegate.java:376)] ::: Bean 'methodSecurityMetadataSource' of type [org.springframework.security.access.method.DelegatingMethodSecurityMetadataSource] is not eligible for getting processed by all BeanPostProcessors (for example: not eligible for auto-proxying)
2021-09-03 01:29:11,325 INFO  [restartedMain]
[org.springframework.boot.web.embedded.tomcat.TomcatWebServer.initialize(TomcatWebServer.java:108)] ::: Tomcat initialized with port(s): 8080 (http)
2021-09-03 01:29:11,339 INFO  [restartedMain]
[org.apache.juli.logging.DirectJDKLog.log(DirectJDKLog.java:173)] ::: Initializing ProtocolHandler ["http-nio-8080"]
2021-09-03 01:29:11,340 INFO  [restartedMain]
[org.apache.juli.logging.DirectJDKLog.log(DirectJDKLog.java:173)] ::: Starting service [Tomcat]
2021-09-03 01:29:11,340 INFO  [restartedMain]
[org.apache.juli.logging.DirectJDKLog.log(DirectJDKLog.java:173)] ::: Starting Servlet engine: [Apache Tomcat/9.0.44]
2021-09-03 01:29:11,536 INFO  [restartedMain]
[org.apache.juli.logging.DirectJDKLog.log(DirectJDKLog.java:173)] ::: Initializing Spring embedded WebApplicationContext
2021-09-03 01:29:11,537 INFO  [restartedMain]
[org.springframework.boot.web.servlet.context.ServletWebServerApplicationContext.prepareWebApplicationContext(ServletWebServerApplicationContext.java:289)] ::: Root WebApplicationContext: initialization completed in 3259 ms
2021-09-03 01:29:11,681 INFO  [restartedMain]
[com.zaxxer.hikari.HikariDataSource.getConnection(HikariDataSource.java:110)] ::: HikariCP - Starting...
2021-09-03 01:29:11,740 INFO  [restartedMain]
[com.zaxxer.hikari.HikariDataSource.getConnection(HikariDataSource.java:123)] ::: HikariCP - Start completed.
2021-09-03 01:29:11,755 INFO  [restartedMain]
[org.springframework.boot.autoconfigure.h2.H2ConsoleAutoConfiguration.lambda$h2Console$0(H2ConsoleAutoConfiguration.java:68)] ::: H2 console available at '/h2-console'. Database available at 'jdbc:h2:tcp://localhost/~/datecourse'
2021-09-03 01:29:12,249 INFO  [restartedMain]
[org.hibernate.jpa.internal.util.LogHelper.logPersistenceUnitInformation(LogHelper.java:31)] ::: HHH000204: Processing PersistenceUnitInfo [name: default]
2021-09-03 01:29:12,342 INFO  [restartedMain]
[org.hibernate.Version.logVersion(Version.java:44)] ::: HHH000412: Hibernate ORM core version 5.4.29.Final
2021-09-03 01:29:12,517 INFO  [restartedMain]
[org.hibernate.annotations.common.reflection.java.JavaReflectionManager.<clinit>(JavaReflectionManager.java:56)] ::: HCANN000001: Hibernate Commons Annotations {5.1.2.Final}
2021-09-03 01:29:12,672 INFO  [restartedMain]
[org.hibernate.dialect.Dialect.<init>(Dialect.java:175)] ::: HHH000400: Using dialect: org.hibernate.dialect.H2Dialect
2021-09-03 01:29:13,607 INFO  [restartedMain]
[org.hibernate.resource.transaction.backend.jdbc.internal.DdlTransactionIsolatorNonJtaImpl.getIsolatedConnection(DdlTransactionIsolatorNonJtaImpl.java:47)] ::: HHH10001501: Connection obtained from JdbcConnectionAccess [org.hibernate.engine.jdbc.env.internal.JdbcEnvironmentInitiator$ConnectionProviderJdbcConnectionAccess@666831bb] for (non-JTA) DDL execution was not in auto-commit mode; the Connection 'local transaction' will be committed and the Connection will be set into auto-commit mode.
2021-09-03 01:29:13,607 INFO  [restartedMain]
[com.p6spy.engine.spy.appender.Slf4JLogger.logSQL(Slf4JLogger.java:60)] ::: #1630600153607 | took 0ms | commit | connection 2| url jdbc:h2:tcp://localhost/~/datecourse

;
2021-09-03 01:29:13,612 INFO  [restartedMain]
[com.p6spy.engine.spy.appender.Slf4JLogger.logSQL(Slf4JLogger.java:60)] ::: #1630600153611 | took 2ms | statement | connection 2| url jdbc:h2:tcp://localhost/~/datecourse
select * from INFORMATION_SCHEMA.SEQUENCES
select * from INFORMATION_SCHEMA.SEQUENCES;
2021-09-03 01:29:13,668 INFO  [restartedMain]
[org.hibernate.engine.transaction.jta.platform.internal.JtaPlatformInitiator.initiateService(JtaPlatformInitiator.java:52)] ::: HHH000490: Using JtaPlatform implementation: [org.hibernate.engine.transaction.jta.platform.internal.NoJtaPlatform]
2021-09-03 01:29:13,681 INFO  [restartedMain]
[org.springframework.orm.jpa.AbstractEntityManagerFactoryBean.buildNativeEntityManagerFactory(AbstractEntityManagerFactoryBean.java:437)] ::: Initialized JPA EntityManagerFactory for persistence unit 'default'
2021-09-03 01:29:13,731 INFO  [restartedMain]
[org.springframework.boot.devtools.autoconfigure.OptionalLiveReloadServer.startServer(OptionalLiveReloadServer.java:58)] ::: LiveReload server is running on port 35729
2021-09-03 01:29:15,428 WARN  [restartedMain]
[org.springframework.boot.autoconfigure.orm.jpa.JpaBaseConfiguration$JpaWebConfiguration.openEntityManagerInViewInterceptor(JpaBaseConfiguration.java:221)] ::: spring.jpa.open-in-view is enabled by default. Therefore, database queries may be performed during view rendering. Explicitly configure spring.jpa.open-in-view to disable this warning
2021-09-03 01:29:15,501 INFO  [restartedMain]
[com.p6spy.engine.spy.appender.Slf4JLogger.logSQL(Slf4JLogger.java:60)] ::: #1630600155501 | took 0ms | statement | connection 3| url jdbc:h2:tcp://localhost/~/datecourse
call next value for hibernate_sequence
call next value for hibernate_sequence;
2021-09-03 01:29:15,554 INFO  [restartedMain]
[com.p6spy.engine.spy.appender.Slf4JLogger.logSQL(Slf4JLogger.java:60)] ::: #1630600155554 | took 0ms | statement | connection 3| url jdbc:h2:tcp://localhost/~/datecourse
insert into user (created_at, updated_at, email, image_url, name, password, provider, provider_id, user_id) values (?, ?, ?, ?, ?, ?, ?, ?, ?)
insert into user (created_at, updated_at, email, image_url, name, password, provider, provider_id, user_id) values ('2021-09-03T01:29:15.462+0900', NULL, 'test@naver.com', NULL, 'testUser', NULL, NULL, NULL, 210);
2021-09-03 01:29:15,560 INFO  [restartedMain]
[com.p6spy.engine.spy.appender.Slf4JLogger.logSQL(Slf4JLogger.java:60)] ::: #1630600155559 | took 0ms | commit | connection 3| url jdbc:h2:tcp://localhost/~/datecourse

;
2021-09-03 01:29:15,595 WARN  [restartedMain]
[org.hibernate.hql.internal.ast.HqlSqlWalker.lookupProperty(HqlSqlWalker.java:670)] ::: HHH90000016: Found use of deprecated 'collection property' syntax in HQL/JPQL query [d.userDateCourseLikes.size]; use collection function syntax instead [size(d.userDateCourseLikes)].
2021-09-03 01:29:16,483 INFO  [restartedMain]
[org.springframework.security.web.DefaultSecurityFilterChain.<init>(DefaultSecurityFilterChain.java:51)] ::: Will secure any request with [org.springframework.security.web.context.request.async.WebAsyncManagerIntegrationFilter@754465e0, org.springframework.security.web.context.SecurityContextPersistenceFilter@484ef734, org.springframework.security.web.header.HeaderWriterFilter@51e27090, org.springframework.web.filter.CorsFilter@f875a0c, org.springframework.security.web.authentication.logout.LogoutFilter@4d9834a0, org.springframework.security.oauth2.client.web.OAuth2AuthorizationRequestRedirectFilter@775cdbf8, org.springframework.security.oauth2.client.web.OAuth2LoginAuthenticationFilter@204d8c1b, me.toy.server.security.jwt.TokenAuthenticationFilter@3da55912, org.springframework.security.web.authentication.ui.DefaultLoginPageGeneratingFilter@7ca73e08, org.springframework.security.web.authentication.ui.DefaultLogoutPageGeneratingFilter@1b97a974, org.springframework.security.web.savedrequest.RequestCacheAwareFilter@3e343e88, org.springframework.security.web.servletapi.SecurityContextHolderAwareRequestFilter@1b3892be, org.springframework.security.web.authentication.AnonymousAuthenticationFilter@aff005e, org.springframework.security.web.session.SessionManagementFilter@d8aa42, org.springframework.security.web.access.ExceptionTranslationFilter@3e755542, org.springframework.security.web.access.intercept.FilterSecurityInterceptor@3f665a56]
2021-09-03 01:29:16,578 INFO  [restartedMain]
[org.springframework.scheduling.concurrent.ExecutorConfigurationSupport.initialize(ExecutorConfigurationSupport.java:181)] ::: Initializing ExecutorService 'applicationTaskExecutor'
2021-09-03 01:29:16,811 INFO  [restartedMain]
[org.apache.juli.logging.DirectJDKLog.log(DirectJDKLog.java:173)] ::: Starting ProtocolHandler ["http-nio-8080"]
2021-09-03 01:29:16,840 INFO  [restartedMain]
[org.springframework.boot.web.embedded.tomcat.TomcatWebServer.start(TomcatWebServer.java:220)] ::: Tomcat started on port(s): 8080 (http) with context path ''
2021-09-03 01:29:17,387 INFO  [restartedMain]
[org.springframework.boot.StartupInfoLogger.logStarted(StartupInfoLogger.java:61)] ::: Started OpenDateCourseApplication in 10.353 seconds (JVM running for 12.967)
2021-09-03 01:29:21,586 INFO  [http-nio-8080-exec-1]
[org.apache.juli.logging.DirectJDKLog.log(DirectJDKLog.java:173)] ::: Initializing Spring DispatcherServlet 'dispatcherServlet'
2021-09-03 01:29:21,587 INFO  [http-nio-8080-exec-1]
[org.springframework.web.servlet.FrameworkServlet.initServletBean(FrameworkServlet.java:525)] ::: Initializing Servlet 'dispatcherServlet'
2021-09-03 01:29:21,588 INFO  [http-nio-8080-exec-1]
[org.springframework.web.servlet.FrameworkServlet.initServletBean(FrameworkServlet.java:547)] ::: Completed initialization in 1 ms
2021-09-03 01:29:21,756 INFO  [http-nio-8080-exec-1]
[com.p6spy.engine.spy.appender.Slf4JLogger.logSQL(Slf4JLogger.java:60)] ::: #1630600161755 | took 3ms | statement | connection 4| url jdbc:h2:tcp://localhost/~/datecourse
select user0_.user_id as user_id1_6_, user0_.created_at as created_2_6_, user0_.updated_at as updated_3_6_, user0_.email as email4_6_, user0_.image_url as image_ur5_6_, user0_.name as name6_6_, user0_.password as password7_6_, user0_.provider as provider8_6_, user0_.provider_id as provider9_6_ from user user0_ where user0_.email=?
select user0_.user_id as user_id1_6_, user0_.created_at as created_2_6_, user0_.updated_at as updated_3_6_, user0_.email as email4_6_, user0_.image_url as image_ur5_6_, user0_.name as name6_6_, user0_.password as password7_6_, user0_.provider as provider8_6_, user0_.provider_id as provider9_6_ from user user0_ where user0_.email='kaktus418@gmail.com';
2021-09-03 01:29:21,787 INFO  [http-nio-8080-exec-1]
[com.p6spy.engine.spy.appender.Slf4JLogger.logSQL(Slf4JLogger.java:60)] ::: #1630600161787 | took 0ms | statement | connection 4| url jdbc:h2:tcp://localhost/~/datecourse
select user0_.user_id as user_id1_6_0_, userfollow4_.id as id1_9_1_, user0_.created_at as created_2_6_0_, user0_.updated_at as updated_3_6_0_, user0_.email as email4_6_0_, user0_.image_url as image_ur5_6_0_, user0_.name as name6_6_0_, user0_.password as password7_6_0_, user0_.provider as provider8_6_0_, user0_.provider_id as provider9_6_0_, userfollow4_.follow_id as follow_i2_9_1_, userfollow4_.user_id as user_id3_9_1_, userfollow4_.user_id as user_id3_9_0__, userfollow4_.id as id1_9_0__ from user user0_ left outer join user_follow userfollow4_ on user0_.user_id=userfollow4_.user_id where user0_.user_id in (select follow1_.follow_user_id from follow follow1_ inner join user_follow userfollow2_ on follow1_.follow_id=userfollow2_.follow_id and (userfollow2_.follow_id=follow1_.follow_id) inner join user user3_ on userfollow2_.user_id=user3_.user_id and (user3_.user_id=userfollow2_.user_id) where user3_.email=?)
select user0_.user_id as user_id1_6_0_, userfollow4_.id as id1_9_1_, user0_.created_at as created_2_6_0_, user0_.updated_at as updated_3_6_0_, user0_.email as email4_6_0_, user0_.image_url as image_ur5_6_0_, user0_.name as name6_6_0_, user0_.password as password7_6_0_, user0_.provider as provider8_6_0_, user0_.provider_id as provider9_6_0_, userfollow4_.follow_id as follow_i2_9_1_, userfollow4_.user_id as user_id3_9_1_, userfollow4_.user_id as user_id3_9_0__, userfollow4_.id as id1_9_0__ from user user0_ left outer join user_follow userfollow4_ on user0_.user_id=userfollow4_.user_id where user0_.user_id in (select follow1_.follow_user_id from follow follow1_ inner join user_follow userfollow2_ on follow1_.follow_id=userfollow2_.follow_id and (userfollow2_.follow_id=follow1_.follow_id) inner join user user3_ on userfollow2_.user_id=user3_.user_id and (user3_.user_id=userfollow2_.user_id) where user3_.email='kaktus418@gmail.com');
